{"code":400,"message":"Bad request","name":"CastError","description":"Cast to ObjectId failed for value \"5b3f56156ada447b1d6c928x\" at path \"_id\" for model \"LanguageModel\"","level":"warn"}
{"code":400,"message":"Bad request","name":"CastError","description":"Cast to ObjectId failed for value \"5b3f56156ada447b1d6c928x\" at path \"_id\" for model \"LanguageModel\"","level":"warn"}
{"code":400,"message":"Bad request","name":"CastError","description":"Cast to ObjectId failed for value \"5b3f56156ada447b1d6c928x\" at path \"_id\" for model \"LanguageModel\"","level":"warn"}
{"code":400,"message":"Bad request","name":"CastError","description":"Cast to ObjectId failed for value \"5b3f56156ada447b1d6c928x\" at path \"_id\" for model \"LanguageModel\"","level":"warn"}
{"code":400,"message":"Bad request","name":"CastError","description":"Cast to ObjectId failed for value \"5b3f56156ada447b1d6c928x\" at path \"_id\" for model \"LanguageModel\"","level":"warn"}
{"message":null,"level":"warn"}
{"code":400,"message":"Bad request","name":"CastError","description":"Cast to ObjectId failed for value \"5b45f4fc8de8501efd1750x\" at path \"_id\" for model \"CountryModel\"","level":"warn"}
undefined [undefined] warn: Bad request
undefined [undefined] warn: Bad request
undefined [undefined] warn: Bad request
Fri Jul 27 2018 16:05:50 GMT+0200 (Central European Summer Time) [undefined] warn: Bad request
7/27/2018, 4:11:19 PM [undefined] warn: Bad request
7/27/2018, 4:11:41 PM [undefined] warn: Bad request
7/27/2018, 4:14:13 PM [undefined] warn: Bad request
7/27/2018 [undefined] warn: Bad request
7/27/2018, 4:20:44 PM [CastError]: Bad request
7/27/2018, 4:23:12 PM [CastError]: Bad request
7/27/2018, 4:26:19 PM [test]: msg....
7/27/2018, 4:31:50 PM [test]: msg....
27/07/2018 16:39:39 [test]: msg....
27/07/2018 16:39:39 [test]: msg....
